<?xml version="1.0" encoding="UTF-8"?>
<!-- Generated by org.testng.reporters.JUnitReportReporter -->
<testsuite hostname="005820" name="com.qa.test.DemoTest2" tests="1" failures="0" timestamp="28 Jan 2020 11:09:23 GMT" time="0.001" errors="0">
  <testcase name="sub" time="0.001" classname="com.qa.test.DemoTest2"/>
</testsuite> <!-- com.qa.test.DemoTest2 -->
