<?xml version="1.0" encoding="UTF-8"?>
<!-- Generated by org.testng.reporters.JUnitReportReporter -->
<testsuite hostname="005820" name="com.qa.test.DemoTest" tests="2" failures="0" timestamp="28 Jan 2020 11:09:23 GMT" time="9.700" errors="0">
  <testcase name="login" time="1.573" classname="com.qa.test.DemoTest"/>
  <testcase name="url" time="8.127" classname="com.qa.test.DemoTest"/>
</testsuite> <!-- com.qa.test.DemoTest -->
