<?xml version="1.0" encoding="UTF-8"?>
<!-- Generated by org.testng.reporters.JUnitReportReporter -->
<testsuite hostname="005820" name="com.qa.test.DemoTest" tests="1" failures="0" timestamp="26 Jan 2020 16:05:54 GMT" time="13.364" errors="0">
  <testcase name="login" time="13.364" classname="com.qa.test.DemoTest"/>
</testsuite> <!-- com.qa.test.DemoTest -->
