<?xml version="1.0" encoding="UTF-8"?>
<!-- Generated by org.testng.reporters.JUnitReportReporter -->
<testsuite hostname="005820" name="com.qa.test.DemoTest" tests="1" failures="0" timestamp="27 Jan 2020 05:57:06 GMT" time="7.192" errors="0">
  <testcase name="login" time="7.192" classname="com.qa.test.DemoTest"/>
</testsuite> <!-- com.qa.test.DemoTest -->
