<?xml version="1.0" encoding="UTF-8"?>
<!-- Generated by org.testng.reporters.JUnitReportReporter -->
<testsuite hostname="005820" name="com.qa.test.DemoTest" tests="2" failures="0" timestamp="27 Jan 2020 16:57:44 GMT" time="14.112" errors="0">
  <testcase name="url" time="13.727" classname="com.qa.test.DemoTest"/>
  <testcase name="login" time="0.385" classname="com.qa.test.DemoTest"/>
</testsuite> <!-- com.qa.test.DemoTest -->
