<?xml version="1.0" encoding="UTF-8"?>
<!-- Generated by org.testng.reporters.JUnitReportReporter -->
<testsuite hostname="005820" name="com.qa.test.DemoTest2" tests="1" failures="0" timestamp="27 Jan 2020 17:36:40 GMT" time="0.000" errors="0">
  <testcase name="sub" time="0.000" classname="com.qa.test.DemoTest2"/>
</testsuite> <!-- com.qa.test.DemoTest2 -->
