<?xml version="1.0" encoding="UTF-8"?>
<!-- Generated by org.testng.reporters.JUnitReportReporter -->
<testsuite hostname="005820" name="com.qa.test.DemoTest" tests="2" failures="0" timestamp="28 Jan 2020 11:10:16 GMT" time="9.327" errors="0">
  <testcase name="url" time="7.758" classname="com.qa.test.DemoTest"/>
  <testcase name="login" time="1.569" classname="com.qa.test.DemoTest"/>
</testsuite> <!-- com.qa.test.DemoTest -->
