<?xml version="1.0" encoding="UTF-8"?>
<!-- Generated by org.testng.reporters.JUnitReportReporter -->
<testsuite hostname="005820" name="com.qa.test.DemoTest" tests="2" failures="0" timestamp="27 Jan 2020 17:36:40 GMT" time="16.860" errors="0">
  <testcase name="url" time="14.444" classname="com.qa.test.DemoTest"/>
  <testcase name="login" time="2.416" classname="com.qa.test.DemoTest"/>
</testsuite> <!-- com.qa.test.DemoTest -->
